VirtualBox XPCOM Server 5.2.2 r119230 linux.amd64 (Nov 23 2017 19:47:27) release log
00:00:00.000127 main     Log opened 2017-12-08T19:18:45.353134000Z
00:00:00.000128 main     Build Type: release
00:00:00.000129 main     OS Product: Linux
00:00:00.000130 main     OS Release: 4.14.3-1-ARCH
00:00:00.000130 main     OS Version: #1 SMP PREEMPT Thu Nov 30 18:33:13 UTC 2017
00:00:00.000141 main     DMI Product Name: 20HHCTO1WW
00:00:00.000144 main     DMI Product Version: ThinkPad P51
00:00:00.000166 main     Host RAM: 64149MB (62.6GB) total, 59098MB (57.7GB) available
00:00:00.000168 main     Executable: /usr/lib/virtualbox/VBoxSVC
00:00:00.000169 main     Process ID: 22107
00:00:00.000169 main     Package type: LINUX_64BITS_GENERIC (OSE)
00:00:00.001315 main     IPC socket path: /tmp/.vbox-mkh-ipc/ipcd
00:00:00.105539 nspr-2   VirtualBox: object creation starts
00:00:00.105671 nspr-2   Home directory: '/home/mkh/.config/VirtualBox'
00:00:00.105964 nspr-2   Loading settings file "/home/mkh/.config/VirtualBox/VirtualBox.xml" with version "1.12-linux"
00:00:00.117144 nspr-2   NetIfAdpCtlOut: VBoxNetAdpCtl: Error while retrieving link speed for wlp4s0: VBoxNetAdpCtl: ioctl failed: Operation not supported
00:00:00.120852 nspr-2   NAT: resolv.conf: nameserver 8.8.8.8
00:00:00.120861 nspr-2   NAT: resolv.conf: nameserver 8.8.4.4
00:00:00.120867 nspr-2   HostDnsMonitor: old information
00:00:00.120868 nspr-2     no server entries
00:00:00.120869 nspr-2     no domain set
00:00:00.120871 nspr-2     no search string entries
00:00:00.120872 nspr-2   HostDnsMonitor: new information
00:00:00.120874 nspr-2     server 1: 8.8.8.8
00:00:00.120875 nspr-2     server 2: 8.8.4.4
00:00:00.120877 nspr-2     domain: dmz1.ucf.edu
00:00:00.120878 nspr-2     no search string entries
00:00:00.120880 nspr-2   HostDnsMonitorProxy::notify
00:00:00.122288 nspr-2   VD: VDInit finished with VINF_SUCCESS
00:00:00.122337 nspr-2   ERROR [COM]: aRC=NS_ERROR_FAILURE (0x80004005) aIID={0eb668d2-495e-5a36-8890-29999b5f030c} aComponent={SystemPropertiesWrap} aText={Cannot determine default Guest Additions ISO location. Most likely they are not available}, preserve=false aResultDetail=0
00:00:00.124980 nspr-2   Loading settings file "/data/vm/win_7_ult/win_7_ult.vbox" with version "1.15-linux"
00:00:00.125398 nspr-2   VirtualBox: object created
00:00:00.338324 nspr-4   WARNING [COM]: aRC=NS_ERROR_FAILURE (0x80004005) aIID={afca788c-4477-787d-60b2-3fa70e56fbbc} aComponent={HostWrap} aText={VirtualBox is not currently allowed to access USB devices.  You can change this by adding your user to the 'vboxusers' group.  Please see the user manual for a more detailed explanation}, preserve=true  aResultDetail=0
00:00:00.338701 nspr-5   WARNING [COM]: aRC=NS_ERROR_FAILURE (0x80004005) aIID={afca788c-4477-787d-60b2-3fa70e56fbbc} aComponent={HostWrap} aText={VirtualBox is not currently allowed to access USB devices.  You can change this by adding your user to the 'vboxusers' group.  Please see the user manual for a more detailed explanation}, preserve=true  aResultDetail=0
00:00:00.338825 nspr-5   ERROR [COM]: aRC=VBOX_E_OBJECT_NOT_FOUND (0x80bb0001) aIID={edba9d10-45d8-b440-1712-46ac0c9bc4c5} aComponent={ExtPackManagerWrap} aText={No extension pack by the name 'Oracle VM VirtualBox Extension Pack' was found}, preserve=false aResultDetail=0
00:00:00.359315 nspr-4   WARNING [COM]: aRC=NS_ERROR_FAILURE (0x80004005) aIID={afca788c-4477-787d-60b2-3fa70e56fbbc} aComponent={HostWrap} aText={VirtualBox is not currently allowed to access USB devices.  You can change this by adding your user to the 'vboxusers' group.  Please see the user manual for a more detailed explanation}, preserve=true  aResultDetail=0
00:00:00.359664 nspr-5   WARNING [COM]: aRC=NS_ERROR_FAILURE (0x80004005) aIID={afca788c-4477-787d-60b2-3fa70e56fbbc} aComponent={HostWrap} aText={VirtualBox is not currently allowed to access USB devices.  You can change this by adding your user to the 'vboxusers' group.  Please see the user manual for a more detailed explanation}, preserve=true  aResultDetail=0
00:00:00.397916 nspr-5   WARNING [COM]: aRC=NS_ERROR_FAILURE (0x80004005) aIID={afca788c-4477-787d-60b2-3fa70e56fbbc} aComponent={HostWrap} aText={VirtualBox is not currently allowed to access USB devices.  You can change this by adding your user to the 'vboxusers' group.  Please see the user manual for a more detailed explanation}, preserve=true  aResultDetail=0
00:00:00.598553 nspr-4   Saving settings file "/data/vm/win_7_ult/win_7_ult.vbox" with version "1.15-linux"
00:00:11.550395 nspr-2   Saving settings file "/data/vm/win_7_ult/win_7_ult.vbox" with version "1.15-linux"
00:00:11.670451 nspr-6   Saving settings file "/data/vm/win_7_ult/win_7_ult.vbox" with version "1.15-linux"
00:00:18.086012 main     VirtualBox: object deletion starts
00:00:18.086040 main     ERROR [COM]: aRC=VBOX_E_OBJECT_IN_USE (0x80bb000c) aIID={4afe423b-43e0-e9d0-82e8-ceb307940dda} aComponent={MediumWrap} aText={Medium '/data/vm/win_7_ult/win_7_ult.vdi' cannot be closed because it is still attached to 1 virtual machines}, preserve=false aResultDetail=0
00:00:18.179383 Watcher  ERROR [COM]: aRC=E_ACCESSDENIED (0x80070005) aIID={9570b9d5-f1a1-448a-10c5-e12f5285adad} aComponent={VirtualBoxWrap} aText={The object is not ready}, preserve=false aResultDetail=0
00:00:23.086478 main     {00007fa180012490} HostPowerServiceLinux::~HostPowerServiceLinux: RTThreadWait() for 5000 ms failed with VERR_TIMEOUT
00:00:23.086974 main     VirtualBox: object deleted
